<?xml version="1.0" encoding="UTF-8"?>
<!-- Generated by org.testng.reporters.JUnitReportReporter -->
<testsuite hostname="DESKTOP-0O0L2D2" failures="0" tests="1" name="testCases.TC001_AccountRegistrationtest" time="2.568" errors="0" timestamp="2025-04-01T14:19:32 IST" skipped="0">
  <testcase classname="testCases.TC001_AccountRegistrationtest" name="verify_Account_Registration" time="2.568"/>
</testsuite> <!-- testCases.TC001_AccountRegistrationtest -->
