<?xml version="1.0" encoding="UTF-8"?>
<!-- Generated by org.testng.reporters.JUnitReportReporter -->
<testsuite hostname="DESKTOP-0O0L2D2" failures="0" tests="1" name="testCases.TC002_LoginTest" time="2.005" errors="0" timestamp="2025-04-01T14:19:32 IST" skipped="0">
  <testcase classname="testCases.TC002_LoginTest" name="verify_Login" time="2.005"/>
</testsuite> <!-- testCases.TC002_LoginTest -->
