<?xml version="1.0" encoding="UTF-8"?>
<!-- Generated by org.testng.reporters.JUnitReportReporter -->
<testsuite hostname="DESKTOP-0O0L2D2" failures="0" tests="1" name="testCases.TC001_AccountRegistrationtest" time="3.396" errors="0" timestamp="2025-04-02T17:27:16 IST" skipped="0">
  <testcase classname="testCases.TC001_AccountRegistrationtest" name="verify_Account_Registration" time="3.396"/>
</testsuite> <!-- testCases.TC001_AccountRegistrationtest -->
